2020-09-08 08:40:49.914029: I tensorflow/stream_executor/platform/default/dso_loader.cc:48] Successfully opened dynamic library cudart64_101.dll
Loading 4913 images...
C:\Python\Python36\lib\site-packages\PIL\Image.py:960: UserWarning: Palette images with Transparency expressed in bytes should be converted to RGBA images
  "Palette images with Transparency expressed in bytes should be "
Labels found: ['without_mask' 'without_mask' 'without_mask' ... 'with_mask' 'with_mask'
 'with_mask']
2020-09-08 08:41:39.179056: W tensorflow/stream_executor/platform/default/dso_loader.cc:59] Could not load dynamic library 'nvcuda.dll'; dlerror: nvcuda.dll not found
2020-09-08 08:41:39.182363: W tensorflow/stream_executor/cuda/cuda_driver.cc:312] failed call to cuInit: UNKNOWN ERROR (303)
2020-09-08 08:41:39.194788: I tensorflow/stream_executor/cuda/cuda_diagnostics.cc:169] retrieving CUDA diagnostic information for host: QSPC1159
2020-09-08 08:41:39.198165: I tensorflow/stream_executor/cuda/cuda_diagnostics.cc:176] hostname: QSPC1159
2020-09-08 08:41:39.200333: I tensorflow/core/platform/cpu_feature_guard.cc:142] This TensorFlow binary is optimized with oneAPI Deep Neural Network Library (oneDNN)to use the following CPU instructions in performance-critical operations:  AVX2
To enable them in other operations, rebuild TensorFlow with the appropriate compiler flags.
2020-09-08 08:41:39.216953: I tensorflow/compiler/xla/service/service.cc:168] XLA service 0x2aa4fb95350 initialized for platform Host (this does not guarantee that XLA will be used). Devices:
2020-09-08 08:41:39.222000: I tensorflow/compiler/xla/service/service.cc:176]   StreamExecutor device (0): Host, Default Version
baseModel: <tensorflow.python.keras.engine.functional.Functional object at 0x000002AB00BCD160>
[INFO] compiling model...
[INFO] training head...
Epoch 1/20
122/122 [==============================] - 151s 1s/step - loss: 0.3032 - accuracy: 0.8697 - val_loss: 0.0920 - val_accuracy: 0.9746
Epoch 2/20
122/122 [==============================] - 174s 1s/step - loss: 0.0973 - accuracy: 0.9656 - val_loss: 0.0664 - val_accuracy: 0.9797
Epoch 3/20
122/122 [==============================] - 175s 1s/step - loss: 0.0679 - accuracy: 0.9759 - val_loss: 0.0564 - val_accuracy: 0.9797
Epoch 4/20
122/122 [==============================] - 165s 1s/step - loss: 0.0489 - accuracy: 0.9859 - val_loss: 0.0535 - val_accuracy: 0.9817
Epoch 5/20
122/122 [==============================] - 153s 1s/step - loss: 0.0454 - accuracy: 0.9859 - val_loss: 0.0508 - val_accuracy: 0.9827
Epoch 6/20
122/122 [==============================] - 154s 1s/step - loss: 0.0421 - accuracy: 0.9867 - val_loss: 0.0480 - val_accuracy: 0.9847
Epoch 7/20
122/122 [==============================] - 151s 1s/step - loss: 0.0353 - accuracy: 0.9897 - val_loss: 0.0424 - val_accuracy: 0.9868
Epoch 8/20
122/122 [==============================] - 155s 1s/step - loss: 0.0299 - accuracy: 0.9900 - val_loss: 0.0446 - val_accuracy: 0.9827
Epoch 9/20
122/122 [==============================] - 146s 1s/step - loss: 0.0343 - accuracy: 0.9897 - val_loss: 0.0442 - val_accuracy: 0.9847
Epoch 10/20
122/122 [==============================] - 146s 1s/step - loss: 0.0261 - accuracy: 0.9915 - val_loss: 0.0425 - val_accuracy: 0.9868
Epoch 11/20
122/122 [==============================] - 152s 1s/step - loss: 0.0344 - accuracy: 0.9895 - val_loss: 0.0402 - val_accuracy: 0.9878
Epoch 12/20
122/122 [==============================] - 149s 1s/step - loss: 0.0234 - accuracy: 0.9920 - val_loss: 0.0396 - val_accuracy: 0.9878
Epoch 13/20
122/122 [==============================] - 152s 1s/step - loss: 0.0244 - accuracy: 0.9933 - val_loss: 0.0394 - val_accuracy: 0.9888
Epoch 14/20
122/122 [==============================] - 158s 1s/step - loss: 0.0193 - accuracy: 0.9933 - val_loss: 0.0401 - val_accuracy: 0.9858
Epoch 15/20
122/122 [==============================] - 160s 1s/step - loss: 0.0201 - accuracy: 0.9936 - val_loss: 0.0405 - val_accuracy: 0.9868
Epoch 16/20
122/122 [==============================] - 148s 1s/step - loss: 0.0223 - accuracy: 0.9933 - val_loss: 0.0397 - val_accuracy: 0.9878
Epoch 17/20
122/122 [==============================] - 147s 1s/step - loss: 0.0209 - accuracy: 0.9926 - val_loss: 0.0388 - val_accuracy: 0.9888
Epoch 18/20
122/122 [==============================] - 156s 1s/step - loss: 0.0175 - accuracy: 0.9951 - val_loss: 0.0403 - val_accuracy: 0.9868
Epoch 19/20
122/122 [==============================] - 344s 3s/step - loss: 0.0197 - accuracy: 0.9926 - val_loss: 0.0397 - val_accuracy: 0.9898
Epoch 20/20
122/122 [==============================] - 167s 1s/step - loss: 0.0139 - accuracy: 0.9959 - val_loss: 0.0409 - val_accuracy: 0.9888